<?xml version="1.0" encoding="UTF-8"?>
<!-- Generated by org.testng.reporters.JUnitReportReporter -->
<testsuite hostname="DESKTOP-BMO8H3P" failures="0" tests="1" name="tests.ForgetLoginInfo_HappyTest" time="4.461" errors="0" timestamp="2025-05-10T05:56:15 EEST" skipped="0">
  <testcase classname="tests.ForgetLoginInfo_HappyTest" name="testSuccessfulForgetLoginInfo" time="4.461"/>
</testsuite> <!-- tests.ForgetLoginInfo_HappyTest -->
