<?xml version="1.0" encoding="UTF-8"?>
<!-- Generated by org.testng.reporters.JUnitReportReporter -->
<testsuite hostname="DESKTOP-BMO8H3P" failures="0" tests="1" name="tests.Login_negativeScenario" time="3.881" errors="0" timestamp="2025-05-10T05:43:10 EEST" skipped="0">
  <testcase classname="tests.Login_negativeScenario" name="successfulLoginTest" time="3.881"/>
</testsuite> <!-- tests.Login_negativeScenario -->
