<?xml version="1.0" encoding="UTF-8"?>
<!-- Generated by org.testng.reporters.JUnitReportReporter -->
<testsuite hostname="Gehad" failures="0" tests="1" name="tests.Login_Test" time="6.488" errors="0" timestamp="2025-04-28T02:53:03 EEST" skipped="0">
  <testcase classname="tests.Login_Test" name="successfulLoginTest" time="6.488"/>
</testsuite> <!-- tests.Login_Test -->
