<?xml version="1.0" encoding="UTF-8"?>
<!-- Generated by org.testng.reporters.JUnitReportReporter -->
<testsuite hostname="Gehad" failures="0" tests="1" name="tests.RegisterTest" time="7.986" errors="0" timestamp="2025-04-28T02:57:12 EEST" skipped="0">
  <testcase classname="tests.RegisterTest" name="testSuccessfulRegistration" time="7.986"/>
</testsuite> <!-- tests.RegisterTest -->
