<?xml version="1.0" encoding="UTF-8"?>
<!-- Generated by org.testng.reporters.JUnitReportReporter -->
<testsuite hostname="Gehad" failures="0" tests="1" name="tests.BillPay_happyScenario" time="8.050" errors="0" timestamp="2025-04-28T03:48:14 EEST" skipped="0">
  <testcase classname="tests.BillPay_happyScenario" name="test_BillPay" time="8.050"/>
</testsuite> <!-- tests.BillPay_happyScenario -->
